-------------------------------------------------------------------------------
Test set: TestSuite
-------------------------------------------------------------------------------
Tests run: 9, Failures: 1, Errors: 0, Skipped: 0, Time elapsed: 9.552 s <<< FAILURE! - in TestSuite
regist(zidonghuaceshikuangjia.testcase.Regist)  Time elapsed: 2.197 s  <<< FAILURE!
java.lang.AssertionError: expected [200] but found [400]
	at zidonghuaceshikuangjia.testcase.Regist.regist(Regist.java:34)

