<?xml version="1.0" encoding="UTF-8"?>
<testsuite xmlns:xsi="http://www.w3.org/2001/XMLSchema-instance" xsi:noNamespaceSchemaLocation="https://maven.apache.org/surefire/maven-surefire-plugin/xsd/surefire-test-report.xsd" name="TestSuite" time="9.552" tests="9" errors="0" skipped="0" failures="1">
  <properties>
[...]
</properties>
  <testcase name="addCart" classname="zidonghuaceshikuangjia.testcase.AddCart" time="3.533"/>
  <testcase name="testYwu" classname="zidonghuaceshikuangjia.testcase.AddCart" time="1.444"/>
  <testcase name="testLogin" classname="zidonghuaceshikuangjia.testcase.LoginTest" time="0.284"/>
  <testcase name="testLogin" classname="zidonghuaceshikuangjia.testcase.LoginTest" time="0.12"/>
  <testcase name="testLogin" classname="zidonghuaceshikuangjia.testcase.LoginTest" time="0.199"/>
  <testcase name="testLogin" classname="zidonghuaceshikuangjia.testcase.LoginTest" time="0.113"/>
  <testcase name="testLogin" classname="zidonghuaceshikuangjia.testcase.LoginTest" time="0.107"/>
  <testcase name="souSuo" classname="zidonghuaceshikuangjia.testcase.SouSuo" time="0.195"/>
  <testcase name="regist" classname="zidonghuaceshikuangjia.testcase.Regist" time="2.197">
    <failure message="expected [200] but found [400]" type="java.lang.AssertionError">java.lang.AssertionError: expected [200] but found [400]
	at zidonghuaceshikuangjia.testcase.Regist.regist(Regist.java:34)
</failure>
    <system-out><![CDATA[Request method:	PUT
Request URI:	http://mall.lemonban.com:8107/user/sendRegisterSms
Proxy:			<none>
Request params:	<none>
Query params:	<none>
Form params:	<none>
Path params:	<none>
Headers:		Accept=*/*
				Content-Type=application/json
Cookies:		<none>
Multiparts:		<none>
Body:
{
    "mobile": "15585797723"
}
HTTP/1.1 200 
Vary: Origin
Vary: Access-Control-Request-Method
Vary: Access-Control-Request-Headers
X-Content-Type-Options: nosniff
X-XSS-Protection: 1; mode=block
Cache-Control: no-cache, no-store, max-age=0, must-revalidate
Pragma: no-cache
Expires: 0
X-Frame-Options: DENY
Content-Length: 0
Date: Fri, 21 Jan 2022 08:43:17 GMT
Keep-Alive: timeout=60
Connection: keep-alive
129888
Request method:	PUT
Request URI:	http://mall.lemonban.com:8107/user/checkRegisterSms
Proxy:			<none>
Request params:	<none>
Query params:	<none>
Form params:	<none>
Path params:	<none>
Headers:		Accept=*/*
				Content-Type=application/json
Cookies:		<none>
Multiparts:		<none>
Body:
{
    "mobile": "15585797723",
    "validCode": "129888"
}
HTTP/1.1 200 
Vary: Origin
Vary: Access-Control-Request-Method
Vary: Access-Control-Request-Headers
X-Content-Type-Options: nosniff
X-XSS-Protection: 1; mode=block
Cache-Control: no-cache, no-store, max-age=0, must-revalidate
Pragma: no-cache
Expires: 0
X-Frame-Options: DENY
Content-Type: text/plain;charset=UTF-8
Content-Length: 32
Date: Fri, 21 Jan 2022 08:43:17 GMT
Keep-Alive: timeout=60
Connection: keep-alive

7597a2e67fbd4bb8a1a4ba842908e61a
Blanda
Request method:	PUT
Request URI:	http://mall.lemonban.com:8107/user/registerOrBindUser
Proxy:			<none>
Request params:	<none>
Query params:	<none>
Form params:	<none>
Path params:	<none>
Headers:		Accept=*/*
				Content-Type=application/json
Cookies:		<none>
Multiparts:		<none>
Body:
{
    "appType": 3,
    "checkRegisterSmsFlag": "7597a2e67fbd4bb8a1a4ba842908e61a",
    "mobile": "15585797723",
    "userName": "Blanda",
    "password": "123456",
    "registerOrBind": 1,
    "validateType": 1
}
HTTP/1.1 400 
Vary: Origin
Vary: Access-Control-Request-Method
Vary: Access-Control-Request-Headers
X-Content-Type-Options: nosniff
X-XSS-Protection: 1; mode=block
Cache-Control: no-cache, no-store, max-age=0, must-revalidate
Pragma: no-cache
Expires: 0
X-Frame-Options: DENY
Content-Type: text/plain;charset=UTF-8
Content-Length: 28
Date: Fri, 21 Jan 2022 08:43:18 GMT
Connection: close

The user name already exists
]]></system-out>
    <system-err><![CDATA[Fri Jan 21 16:43:24 CST 2022 WARN: Establishing SSL connection without server's identity verification is not recommended. According to MySQL 5.5.45+, 5.6.26+ and 5.7.6+ requirements SSL connection must be established by default if explicit option isn't set. For compliance with existing applications not using SSL the verifyServerCertificate property is set to 'false'. You need either to explicitly disable SSL by setting useSSL=false, or set useSSL=true and provide truststore for server certificate verification.
Fri Jan 21 16:43:25 CST 2022 WARN: Establishing SSL connection without server's identity verification is not recommended. According to MySQL 5.5.45+, 5.6.26+ and 5.7.6+ requirements SSL connection must be established by default if explicit option isn't set. For compliance with existing applications not using SSL the verifyServerCertificate property is set to 'false'. You need either to explicitly disable SSL by setting useSSL=false, or set useSSL=true and provide truststore for server certificate verification.
Fri Jan 21 16:43:26 CST 2022 WARN: Establishing SSL connection without server's identity verification is not recommended. According to MySQL 5.5.45+, 5.6.26+ and 5.7.6+ requirements SSL connection must be established by default if explicit option isn't set. For compliance with existing applications not using SSL the verifyServerCertificate property is set to 'false'. You need either to explicitly disable SSL by setting useSSL=false, or set useSSL=true and provide truststore for server certificate verification.
]]></system-err>
  </testcase>
</testsuite>